<?xml version="1.0" encoding="UTF-8"?>
<!-- Generated by org.testng.reporters.JUnitReportReporter -->
<testsuite skipped="0" hostname="CO-IT02301" name="com.automation.web.tests.SearchItemTest" tests="1" failures="0" timestamp="2021-11-25T22:29:35 COT" time="22.478" errors="0">
  <testcase name="testSearchItem" time="22.478" classname="com.automation.web.tests.SearchItemTest"/>
  <system-out>
    <![CDATA[Starts test...testSearchItem
Execution status...1]]>
  </system-out>
</testsuite> <!-- com.automation.web.tests.SearchItemTest -->
