<?xml version="1.0" encoding="UTF-8"?>
<!-- Generated by org.testng.reporters.JUnitReportReporter -->
<testsuite skipped="0" hostname="CO-IT02301" name="com.automation.web.tests.TestSuite" tests="1" failures="0" timestamp="2021-11-26T01:46:54 COT" time="26.451" errors="0">
  <testcase name="testSearchItem" time="26.451" classname="com.automation.web.tests.TestSuite"/>
  <system-out>
    <![CDATA[Starts test...testSearchItem
Execution status...1]]>
  </system-out>
</testsuite> <!-- com.automation.web.tests.TestSuite -->
